<?xml version="1.0" encoding="UTF-8"?>
<testsuite name="com.agilesoft.demo.service.AgileSoftServiceTest" tests="8" skipped="0" failures="0" errors="0" timestamp="2024-08-28T22:35:37" hostname="Patricios-MacBook-Pro.local" time="0.74">
  <properties/>
  <testcase name="postTasksTest()" classname="com.agilesoft.demo.service.AgileSoftServiceTest" time="0.716"/>
  <testcase name="getUserDetailsTest()" classname="com.agilesoft.demo.service.AgileSoftServiceTest" time="0.004"/>
  <testcase name="getUserDetailsNotFoundTest()" classname="com.agilesoft.demo.service.AgileSoftServiceTest" time="0.002"/>
  <testcase name="registerUserTest()" classname="com.agilesoft.demo.service.AgileSoftServiceTest" time="0.004"/>
  <testcase name="registerUserExceptionTest()" classname="com.agilesoft.demo.service.AgileSoftServiceTest" time="0.002"/>
  <testcase name="postTasksEmptyTest()" classname="com.agilesoft.demo.service.AgileSoftServiceTest" time="0.002"/>
  <testcase name="getTasksByUsernameTest()" classname="com.agilesoft.demo.service.AgileSoftServiceTest" time="0.003"/>
  <testcase name="getTasksByUsernameEmptyListTest()" classname="com.agilesoft.demo.service.AgileSoftServiceTest" time="0.002"/>
  <system-out><![CDATA[]]></system-out>
  <system-err><![CDATA[WARNING: A Java agent has been loaded dynamically (/Users/patricioberriosm/.gradle/caches/modules-2/files-2.1/net.bytebuddy/byte-buddy-agent/1.14.19/154da3a65b4f4a909d3e5bdec55d1b2b4cbb6ce1/byte-buddy-agent-1.14.19.jar)
WARNING: If a serviceability tool is in use, please run with -XX:+EnableDynamicAgentLoading to hide this warning
WARNING: If a serviceability tool is not in use, please run with -Djdk.instrument.traceUsage for more information
WARNING: Dynamic loading of agents will be disallowed by default in a future release
]]></system-err>
</testsuite>
